<?xml version="1.0" encoding="UTF-8"?>
<!-- Generated by org.testng.reporters.JUnitReportReporter -->
<testsuite skipped="0" hostname="Raghu-PC" name="com.VTiger.TestScripts.OrgTest" tests="1" failures="0" timestamp="19 Jun 2020 12:20:07 GMT" time="52.117" errors="0">
  <testcase name="createorganization" time="52.117" classname="com.VTiger.TestScripts.OrgTest"/>
</testsuite> <!-- com.VTiger.TestScripts.OrgTest -->
